<?xml version="1.0" encoding="UTF-8"?>
<!-- Generated by org.testng.reporters.JUnitXMLReporter -->
<testsuite ignored="0" hostname="sais-air.lan" failures="0" tests="6" name="Default test" time="7.327" errors="0" timestamp="2024-01-11T14:33:50 CST">
  <testcase classname="SecondLibraryApi.DataproviderData" name="Postmethoid" time="3.455"/>
  <testcase classname="SecondLibraryApi.DataproviderData" name="Postmethoid" time="0.773"/>
  <testcase classname="SecondLibraryApi.DataproviderData" name="Postmethoid" time="0.788"/>
  <testcase classname="SecondLibraryApi.DataproviderData" name="deletemethod" time="0.811"/>
  <testcase classname="SecondLibraryApi.DataproviderData" name="deletemethod" time="0.681"/>
  <testcase classname="SecondLibraryApi.DataproviderData" name="deletemethod" time="0.721"/>
</testsuite> <!-- Default test -->
