<?xml version="1.0" encoding="UTF-8"?>
<testng-results ignored="0" total="6" passed="6" failed="0" skipped="0">
  <reporter-output>
  </reporter-output>
  <suite started-at="2024-01-11T14:33:42 CST" name="Default suite" finished-at="2024-01-11T14:33:50 CST" duration-ms="7327">
    <groups>
    </groups>
    <test started-at="2024-01-11T14:33:42 CST" name="Default test" finished-at="2024-01-11T14:33:50 CST" duration-ms="7327">
      <class name="SecondLibraryApi.DataproviderData">
        <test-method signature="Postmethoid(java.lang.String,int)[pri:0, instance:SecondLibraryApi.DataproviderData@52af26ee]" started-at="2024-01-11T14:33:42 CST" name="Postmethoid" data-provider="bookdata" finished-at="2024-01-11T14:33:46 CST" duration-ms="3455" status="PASS">
          <params>
            <param index="0">
              <value>
                <![CDATA[qwrweq]]>
              </value>
            </param>
            <param index="1">
              <value>
                <![CDATA[1234]]>
              </value>
            </param>
          </params>
          <reporter-output>
          </reporter-output>
        </test-method> <!-- Postmethoid -->
        <test-method signature="Postmethoid(java.lang.String,int)[pri:0, instance:SecondLibraryApi.DataproviderData@52af26ee]" started-at="2024-01-11T14:33:46 CST" name="Postmethoid" data-provider="bookdata" finished-at="2024-01-11T14:33:47 CST" duration-ms="773" status="PASS">
          <params>
            <param index="0">
              <value>
                <![CDATA[asdf]]>
              </value>
            </param>
            <param index="1">
              <value>
                <![CDATA[9423]]>
              </value>
            </param>
          </params>
          <reporter-output>
          </reporter-output>
        </test-method> <!-- Postmethoid -->
        <test-method signature="Postmethoid(java.lang.String,int)[pri:0, instance:SecondLibraryApi.DataproviderData@52af26ee]" started-at="2024-01-11T14:33:47 CST" name="Postmethoid" data-provider="bookdata" finished-at="2024-01-11T14:33:47 CST" duration-ms="788" status="PASS">
          <params>
            <param index="0">
              <value>
                <![CDATA[zxcv]]>
              </value>
            </param>
            <param index="1">
              <value>
                <![CDATA[5903]]>
              </value>
            </param>
          </params>
          <reporter-output>
          </reporter-output>
        </test-method> <!-- Postmethoid -->
        <test-method signature="deletemethod(java.lang.String,int)[pri:0, instance:SecondLibraryApi.DataproviderData@52af26ee]" started-at="2024-01-11T14:33:47 CST" name="deletemethod" data-provider="bookdata" finished-at="2024-01-11T14:33:48 CST" duration-ms="811" status="PASS">
          <params>
            <param index="0">
              <value>
                <![CDATA[qwrweq]]>
              </value>
            </param>
            <param index="1">
              <value>
                <![CDATA[1234]]>
              </value>
            </param>
          </params>
          <reporter-output>
          </reporter-output>
        </test-method> <!-- deletemethod -->
        <test-method signature="deletemethod(java.lang.String,int)[pri:0, instance:SecondLibraryApi.DataproviderData@52af26ee]" started-at="2024-01-11T14:33:48 CST" name="deletemethod" data-provider="bookdata" finished-at="2024-01-11T14:33:49 CST" duration-ms="681" status="PASS">
          <params>
            <param index="0">
              <value>
                <![CDATA[asdf]]>
              </value>
            </param>
            <param index="1">
              <value>
                <![CDATA[9423]]>
              </value>
            </param>
          </params>
          <reporter-output>
          </reporter-output>
        </test-method> <!-- deletemethod -->
        <test-method signature="deletemethod(java.lang.String,int)[pri:0, instance:SecondLibraryApi.DataproviderData@52af26ee]" started-at="2024-01-11T14:33:49 CST" name="deletemethod" data-provider="bookdata" finished-at="2024-01-11T14:33:50 CST" duration-ms="721" status="PASS">
          <params>
            <param index="0">
              <value>
                <![CDATA[zxcv]]>
              </value>
            </param>
            <param index="1">
              <value>
                <![CDATA[5903]]>
              </value>
            </param>
          </params>
          <reporter-output>
          </reporter-output>
        </test-method> <!-- deletemethod -->
      </class> <!-- SecondLibraryApi.DataproviderData -->
    </test> <!-- Default test -->
  </suite> <!-- Default suite -->
</testng-results>
